[21/May/2026 21:40:18] "GET /accounts/login/ HTTP/1.1" 200 3570
[21/May/2026 21:40:18,352] - Broken pipe from ('127.0.0.1', 63419)
[21/May/2026 21:40:30] "GET / HTTP/1.1" 200 21217
[21/May/2026 21:40:34] "GET /cases/ HTTP/1.1" 200 16628
[21/May/2026 21:40:37] "GET /clients/ HTTP/1.1" 200 19611
[21/May/2026 21:40:41] "GET /caseworkers/ HTTP/1.1" 200 16194
[21/May/2026 21:40:43] "GET / HTTP/1.1" 200 21217
[21/May/2026 21:40:46] "GET /cases/ HTTP/1.1" 200 16628
[21/May/2026 21:40:48] "GET /cases/1/edit/ HTTP/1.1" 200 19862
[21/May/2026 21:41:20] "GET /cases/ HTTP/1.1" 200 16628
[21/May/2026 21:41:22] "GET /cases/1/edit/ HTTP/1.1" 200 19862
[21/May/2026 21:41:27] "GET /cases/1/ HTTP/1.1" 200 16739
[21/May/2026 21:41:29] "GET /cases/1/edit/ HTTP/1.1" 200 19862
[21/May/2026 21:41:42] "GET /cases/ HTTP/1.1" 200 16628
[21/May/2026 21:41:45] "GET /clients/1/ HTTP/1.1" 200 16802
[21/May/2026 21:47:21] "GET /cases/1/edit/ HTTP/1.1" 200 19865
[21/May/2026 21:47:29] "GET /cases/ HTTP/1.1" 200 16629
[21/May/2026 21:47:34] "GET /cases/ HTTP/1.1" 200 16629
[21/May/2026 21:47:35] "GET /cases/ HTTP/1.1" 200 16629
[21/May/2026 21:47:39] "GET /cases/1/edit/ HTTP/1.1" 200 19865
[21/May/2026 21:47:45] "GET /cases/ HTTP/1.1" 200 16629
[21/May/2026 21:48:33] "GET /cases/ HTTP/1.1" 200 16620
[21/May/2026 21:48:38] "GET /cases/ HTTP/1.1" 200 16620
[21/May/2026 21:48:39] "GET /cases/?q=&status=&risk= HTTP/1.1" 200 16620
[21/May/2026 21:49:45] "GET /cases/?q=&status=&risk= HTTP/1.1" 200 16002
[21/May/2026 21:49:47] "GET /clients/ HTTP/1.1" 200 19611
[21/May/2026 21:49:52] "GET / HTTP/1.1" 200 20890
[21/May/2026 21:49:58] "GET /clients/add/ HTTP/1.1" 200 26606
[21/May/2026 22:19:34] "GET /cases/ HTTP/1.1" 200 16002
[21/May/2026 22:36:00] "GET / HTTP/1.1" 200 20890
[21/May/2026 23:07:09] "GET /cases/ HTTP/1.1" 200 16002
[21/May/2026 23:07:13] "GET / HTTP/1.1" 200 20890
[21/May/2026 23:07:38] "GET /cases/ HTTP/1.1" 200 16002
[21/May/2026 23:07:39] "GET / HTTP/1.1" 200 20890
[21/May/2026 23:07:44] "GET /clients/ HTTP/1.1" 200 19611
[21/May/2026 23:07:47] "GET /cases/ HTTP/1.1" 200 16002
[21/May/2026 23:07:51] "GET /cases/new/ HTTP/1.1" 200 18182
[21/May/2026 23:08:05] "GET /programs/ HTTP/1.1" 200 12783
[21/May/2026 23:08:07] "GET / HTTP/1.1" 200 20890
